<?xml version="1.0" encoding="UTF-8"?>
<!-- Generated by org.testng.reporters.JUnitXMLReporter -->
<testsuite ignored="0" hostname="DESKTOP-45HEKQS" failures="0" tests="3" name="Test" time="111.943" errors="0" timestamp="2022-11-27T12:21:43 IST">
  <testcase classname="com.testclasses.Languagechang" name="languagechange" time="5.593"/>
  <testcase classname="com.testclasses.Languagechang" name="languagechange" time="5.312"/>
  <testcase classname="com.testclasses.Languagechang" name="languagechange" time="5.07"/>
</testsuite> <!-- Test -->
