<?xml version="1.0" encoding="UTF-8"?>
<testng-results ignored="0" total="3" passed="3" failed="0" skipped="0">
  <reporter-output>
  </reporter-output>
  <suite started-at="2022-11-27T12:19:51 IST" name="Suite" finished-at="2022-11-27T12:21:43 IST" duration-ms="111943">
    <groups>
    </groups>
    <test started-at="2022-11-27T12:19:51 IST" name="Test" finished-at="2022-11-27T12:21:43 IST" duration-ms="111943">
      <class name="com.testclasses.Languagechang">
        <test-method is-config="true" signature="setUp(java.lang.String)[pri:0, instance:com.testclasses.Languagechang@3d1cfad4]" started-at="2022-11-27T12:19:52 IST" name="setUp" finished-at="2022-11-27T12:20:16 IST" duration-ms="24872" status="PASS">
          <params>
            <param index="0">
              <value>
                <![CDATA[Firefox]]>
              </value>
            </param>
          </params>
          <reporter-output>
          </reporter-output>
        </test-method> <!-- setUp -->
        <test-method signature="languagechange()[pri:0, instance:com.testclasses.Languagechang@3d1cfad4]" started-at="2022-11-27T12:20:16 IST" name="languagechange" finished-at="2022-11-27T12:20:22 IST" duration-ms="5593" status="PASS">
          <reporter-output>
          </reporter-output>
        </test-method> <!-- languagechange -->
        <test-method is-config="true" signature="tearDown()[pri:0, instance:com.testclasses.Languagechang@3d1cfad4]" started-at="2022-11-27T12:20:22 IST" name="tearDown" finished-at="2022-11-27T12:20:31 IST" duration-ms="9030" status="PASS">
          <reporter-output>
          </reporter-output>
        </test-method> <!-- tearDown -->
        <test-method is-config="true" signature="setUp(java.lang.String)[pri:0, instance:com.testclasses.Languagechang@3d1cfad4]" started-at="2022-11-27T12:20:31 IST" name="setUp" finished-at="2022-11-27T12:20:53 IST" duration-ms="22278" status="PASS">
          <params>
            <param index="0">
              <value>
                <![CDATA[Firefox]]>
              </value>
            </param>
          </params>
          <reporter-output>
          </reporter-output>
        </test-method> <!-- setUp -->
        <test-method signature="languagechange()[pri:0, instance:com.testclasses.Languagechang@3d1cfad4]" started-at="2022-11-27T12:20:53 IST" name="languagechange" finished-at="2022-11-27T12:20:59 IST" duration-ms="5312" status="PASS">
          <reporter-output>
          </reporter-output>
        </test-method> <!-- languagechange -->
        <test-method is-config="true" signature="tearDown()[pri:0, instance:com.testclasses.Languagechang@3d1cfad4]" started-at="2022-11-27T12:20:59 IST" name="tearDown" finished-at="2022-11-27T12:21:08 IST" duration-ms="9037" status="PASS">
          <reporter-output>
          </reporter-output>
        </test-method> <!-- tearDown -->
        <test-method is-config="true" signature="setUp(java.lang.String)[pri:0, instance:com.testclasses.Languagechang@3d1cfad4]" started-at="2022-11-27T12:21:08 IST" name="setUp" finished-at="2022-11-27T12:21:30 IST" duration-ms="22306" status="PASS">
          <params>
            <param index="0">
              <value>
                <![CDATA[Firefox]]>
              </value>
            </param>
          </params>
          <reporter-output>
          </reporter-output>
        </test-method> <!-- setUp -->
        <test-method signature="languagechange()[pri:0, instance:com.testclasses.Languagechang@3d1cfad4]" started-at="2022-11-27T12:21:30 IST" name="languagechange" finished-at="2022-11-27T12:21:35 IST" duration-ms="5070" status="PASS">
          <reporter-output>
          </reporter-output>
        </test-method> <!-- languagechange -->
        <test-method is-config="true" signature="tearDown()[pri:0, instance:com.testclasses.Languagechang@3d1cfad4]" started-at="2022-11-27T12:21:35 IST" name="tearDown" finished-at="2022-11-27T12:21:43 IST" duration-ms="8261" status="PASS">
          <reporter-output>
          </reporter-output>
        </test-method> <!-- tearDown -->
      </class> <!-- com.testclasses.Languagechang -->
    </test> <!-- Test -->
  </suite> <!-- Suite -->
</testng-results>
